\BOOKMARK [0][-]{chapter.1}{Introduction}{}% 1
\BOOKMARK [1][-]{section.1.1}{What is Argus?}{chapter.1}% 2
\BOOKMARK [1][-]{section.1.2}{What is theRealFishTracker?}{chapter.1}% 3
\BOOKMARK [1][-]{section.1.3}{Other Video Tracking Systems}{chapter.1}% 4
\BOOKMARK [0][-]{chapter.2}{Startup}{}% 5
\BOOKMARK [1][-]{section.2.1}{Installing Argus}{chapter.2}% 6
\BOOKMARK [1][-]{section.2.2}{Running Argus}{chapter.2}% 7
\BOOKMARK [1][-]{section.2.3}{Navigating the GUI}{chapter.2}% 8
\BOOKMARK [2][-]{subsection.2.3.1}{Loading the Output Files}{section.2.3}% 9
\BOOKMARK [2][-]{subsection.2.3.2}{Select Conditions}{section.2.3}% 10
\BOOKMARK [2][-]{subsection.2.3.3}{Advanced Options}{section.2.3}% 11
\BOOKMARK [0][-]{chapter.3}{Functions and Parameters}{}% 12
\BOOKMARK [1][-]{section.3.1}{Two Kinds of Variables}{chapter.3}% 13
\BOOKMARK [1][-]{section.3.2}{Functions for Single Fish Trials}{chapter.3}% 14
\BOOKMARK [2][-]{subsection.3.2.1}{SPEED}{section.3.2}% 15
\BOOKMARK [2][-]{subsection.3.2.2}{THIGMOTAXIS}{section.3.2}% 16
\BOOKMARK [2][-]{subsection.3.2.3}{TIMESPENT}{section.3.2}% 17
\BOOKMARK [2][-]{subsection.3.2.4}{DISTANCE FROM SIDES}{section.3.2}% 18
\BOOKMARK [2][-]{subsection.3.2.5}{TIME AT OUTER PERCENT}{section.3.2}% 19
\BOOKMARK [2][-]{subsection.3.2.6}{FREEZING}{section.3.2}% 20
\BOOKMARK [2][-]{subsection.3.2.7}{FLOATING}{section.3.2}% 21
\BOOKMARK [2][-]{subsection.3.2.8}{LEAPING}{section.3.2}% 22
\BOOKMARK [2][-]{subsection.3.2.9}{ERRATIC}{section.3.2}% 23
\BOOKMARK [2][-]{subsection.3.2.10}{THRASHING}{section.3.2}% 24
\BOOKMARK [2][-]{subsection.3.2.11}{CUSTOM}{section.3.2}% 25
\BOOKMARK [1][-]{section.3.3}{Functions for Multiple Fish Trials}{chapter.3}% 26
\BOOKMARK [2][-]{subsection.3.3.1}{IID}{section.3.3}% 27
\BOOKMARK [2][-]{subsection.3.3.2}{VIID}{section.3.3}% 28
\BOOKMARK [2][-]{subsection.3.3.3}{NND}{section.3.3}% 29
\BOOKMARK [0][-]{chapter.4}{Options}{}% 30
\BOOKMARK [1][-]{section.4.1}{Smooth Trajectory}{chapter.4}% 31
\BOOKMARK [1][-]{section.4.2}{Resolve Occlusions}{chapter.4}% 32
\BOOKMARK [0][-]{chapter.5}{Additional Capabilities}{}% 33
\BOOKMARK [1][-]{section.5.1}{Indexing Internal Data Structures}{chapter.5}% 34
\BOOKMARK [1][-]{section.5.2}{Neural Network Behavior Classifier}{chapter.5}% 35
\BOOKMARK [2][-]{subsection.5.2.1}{Preparation}{section.5.2}% 36
\BOOKMARK [2][-]{subsection.5.2.2}{Bypass the GUI}{section.5.2}% 37
\BOOKMARK [2][-]{subsection.5.2.3}{Indexing Database To Retrieve Instances Of Behavior}{section.5.2}% 38
\BOOKMARK [2][-]{subsection.5.2.4}{Training a Neural Network}{section.5.2}% 39
\BOOKMARK [2][-]{subsection.5.2.5}{Predicting Behavior}{section.5.2}% 40
\BOOKMARK [1][-]{section.5.3}{Transition Matrix}{chapter.5}% 41
\BOOKMARK [0][-]{chapter.6}{Output}{}% 42
\BOOKMARK [1][-]{section.6.1}{Adding Categorical Variables and Cutoff Times}{chapter.6}% 43
\BOOKMARK [1][-]{section.6.2}{Navigating the Output File}{chapter.6}% 44
